<?xml version="1.0" encoding="UTF-8"?>
<!-- Generated by org.testng.reporters.JUnitXMLReporter -->
<testsuite ignored="0" hostname="JOHNWESLEY4063" failures="2" tests="2" name="Database Validation Tests" time="42.697" errors="0" timestamp="2025-10-30T11:47:05 IST">
  <testcase classname="AirlineTests" name="testCreateBookingEndToEnd" time="21.254">
    <failure type="com.mysql.cj.jdbc.exceptions.CommunicationsException" message="Communications link failure

The last packet sent successfully to the server was 0 milliseconds ago. The driver has not received any packets from the server.">
      <![CDATA[com.mysql.cj.jdbc.exceptions.CommunicationsException: Communications link failure

The last packet sent successfully to the server was 0 milliseconds ago. The driver has not received any packets from the server.
at com.mysql.cj.jdbc.exceptions.SQLError.createCommunicationsException(SQLError.java:165)
at com.mysql.cj.jdbc.exceptions.SQLExceptionsMapping.translateException(SQLExceptionsMapping.java:55)
at com.mysql.cj.jdbc.ConnectionImpl.createNewIO(ConnectionImpl.java:861)
at com.mysql.cj.jdbc.ConnectionImpl.<init>(ConnectionImpl.java:449)
at com.mysql.cj.jdbc.ConnectionImpl.getInstance(ConnectionImpl.java:234)
at com.mysql.cj.jdbc.NonRegisteringDriver.connect(NonRegisteringDriver.java:180)
at java.sql/java.sql.DriverManager.getConnection(DriverManager.java:613)
at java.sql/java.sql.DriverManager.getConnection(DriverManager.java:199)
at DbUtils.getConnection(DbUtils.java:23)
at DbUtils.executeQuery(DbUtils.java:35)
at AirlineTests.testCreateBookingEndToEnd(AirlineTests.java:30)
at java.base/java.util.ArrayList.forEach(ArrayList.java:1604)
Caused by: com.mysql.cj.exceptions.CJCommunicationsException: Communications link failure

The last packet sent successfully to the server was 0 milliseconds ago. The driver has not received any packets from the server.
at com.mysql.cj.exceptions.ExceptionFactory.createException(ExceptionFactory.java:52)
at com.mysql.cj.exceptions.ExceptionFactory.createException(ExceptionFactory.java:95)
at com.mysql.cj.exceptions.ExceptionFactory.createException(ExceptionFactory.java:140)
at com.mysql.cj.exceptions.ExceptionFactory.createCommunicationsException(ExceptionFactory.java:156)
at com.mysql.cj.protocol.a.NativeSocketConnection.connect(NativeSocketConnection.java:79)
at com.mysql.cj.NativeSession.connect(NativeSession.java:139)
at com.mysql.cj.jdbc.ConnectionImpl.connectOneTryOnly(ConnectionImpl.java:980)
at com.mysql.cj.jdbc.ConnectionImpl.createNewIO(ConnectionImpl.java:851)
... 38 more
Caused by: java.net.ConnectException: Connection timed out: connect
at java.base/sun.nio.ch.Net.connect0(Native Method)
at java.base/sun.nio.ch.Net.connect(Net.java:535)
at java.base/sun.nio.ch.Net.connect(Net.java:524)
at java.base/sun.nio.ch.NioSocketImpl.connect(NioSocketImpl.java:574)
at java.base/java.net.SocksSocketImpl.connect(SocksSocketImpl.java:282)
at java.base/java.net.Socket.connect(Socket.java:665)
at com.mysql.cj.protocol.StandardSocketFactory.connect(StandardSocketFactory.java:144)
at com.mysql.cj.protocol.a.NativeSocketConnection.connect(NativeSocketConnection.java:53)
... 41 more
... Removed 32 stack frames]]>
    </failure>
  </testcase> <!-- testCreateBookingEndToEnd -->
  <testcase classname="AirlineTests" name="testDatabaseConnectionAndInitialData" time="21.054">
    <failure type="com.mysql.cj.jdbc.exceptions.CommunicationsException" message="Communications link failure

The last packet sent successfully to the server was 0 milliseconds ago. The driver has not received any packets from the server.">
      <![CDATA[com.mysql.cj.jdbc.exceptions.CommunicationsException: Communications link failure

The last packet sent successfully to the server was 0 milliseconds ago. The driver has not received any packets from the server.
at com.mysql.cj.jdbc.exceptions.SQLError.createCommunicationsException(SQLError.java:165)
at com.mysql.cj.jdbc.exceptions.SQLExceptionsMapping.translateException(SQLExceptionsMapping.java:55)
at com.mysql.cj.jdbc.ConnectionImpl.createNewIO(ConnectionImpl.java:861)
at com.mysql.cj.jdbc.ConnectionImpl.<init>(ConnectionImpl.java:449)
at com.mysql.cj.jdbc.ConnectionImpl.getInstance(ConnectionImpl.java:234)
at com.mysql.cj.jdbc.NonRegisteringDriver.connect(NonRegisteringDriver.java:180)
at java.sql/java.sql.DriverManager.getConnection(DriverManager.java:613)
at java.sql/java.sql.DriverManager.getConnection(DriverManager.java:199)
at DbUtils.getConnection(DbUtils.java:23)
at DbUtils.executeQuery(DbUtils.java:35)
at AirlineTests.testDatabaseConnectionAndInitialData(AirlineTests.java:14)
at java.base/java.util.ArrayList.forEach(ArrayList.java:1604)
Caused by: com.mysql.cj.exceptions.CJCommunicationsException: Communications link failure

The last packet sent successfully to the server was 0 milliseconds ago. The driver has not received any packets from the server.
at com.mysql.cj.exceptions.ExceptionFactory.createException(ExceptionFactory.java:52)
at com.mysql.cj.exceptions.ExceptionFactory.createException(ExceptionFactory.java:95)
at com.mysql.cj.exceptions.ExceptionFactory.createException(ExceptionFactory.java:140)
at com.mysql.cj.exceptions.ExceptionFactory.createCommunicationsException(ExceptionFactory.java:156)
at com.mysql.cj.protocol.a.NativeSocketConnection.connect(NativeSocketConnection.java:79)
at com.mysql.cj.NativeSession.connect(NativeSession.java:139)
at com.mysql.cj.jdbc.ConnectionImpl.connectOneTryOnly(ConnectionImpl.java:980)
at com.mysql.cj.jdbc.ConnectionImpl.createNewIO(ConnectionImpl.java:851)
... 38 more
Caused by: java.net.ConnectException: Connection timed out: connect
at java.base/sun.nio.ch.Net.connect0(Native Method)
at java.base/sun.nio.ch.Net.connect(Net.java:535)
at java.base/sun.nio.ch.Net.connect(Net.java:524)
at java.base/sun.nio.ch.NioSocketImpl.connect(NioSocketImpl.java:574)
at java.base/java.net.SocksSocketImpl.connect(SocksSocketImpl.java:282)
at java.base/java.net.Socket.connect(Socket.java:665)
at com.mysql.cj.protocol.StandardSocketFactory.connect(StandardSocketFactory.java:144)
at com.mysql.cj.protocol.a.NativeSocketConnection.connect(NativeSocketConnection.java:53)
... 41 more
... Removed 32 stack frames]]>
    </failure>
  </testcase> <!-- testDatabaseConnectionAndInitialData -->
</testsuite> <!-- Database Validation Tests -->
