<?xml version="1.0" encoding="UTF-8"?>
<testng-results ignored="0" total="2" passed="2" failed="0" skipped="0">
  <reporter-output>
  </reporter-output>
  <suite started-at="2025-10-29T21:35:15 IST" name="Airline Test Suite" finished-at="2025-10-29T21:35:15 IST" duration-ms="529">
    <groups>
    </groups>
    <test started-at="2025-10-29T21:35:15 IST" name="Database Validation Tests" finished-at="2025-10-29T21:35:15 IST" duration-ms="529">
      <class name="AirlineTests">
        <test-method signature="testCreateBookingEndToEnd()[pri:0, instance:AirlineTests@14d3bc22]" started-at="2025-10-29T21:35:15 IST" name="testCreateBookingEndToEnd" finished-at="2025-10-29T21:35:15 IST" duration-ms="278" status="PASS">
          <reporter-output>
          </reporter-output>
        </test-method> <!-- testCreateBookingEndToEnd -->
        <test-method signature="testDatabaseConnectionAndInitialData()[pri:0, instance:AirlineTests@14d3bc22]" started-at="2025-10-29T21:35:15 IST" name="testDatabaseConnectionAndInitialData" finished-at="2025-10-29T21:35:15 IST" duration-ms="5" status="PASS">
          <reporter-output>
          </reporter-output>
        </test-method> <!-- testDatabaseConnectionAndInitialData -->
        <test-method is-config="true" signature="tearDown()[pri:0, instance:AirlineTests@14d3bc22]" started-at="2025-10-29T21:35:15 IST" name="tearDown" finished-at="2025-10-29T21:35:15 IST" duration-ms="23" status="PASS">
          <reporter-output>
          </reporter-output>
        </test-method> <!-- tearDown -->
      </class> <!-- AirlineTests -->
    </test> <!-- Database Validation Tests -->
  </suite> <!-- Airline Test Suite -->
</testng-results>
