<?xml version="1.0" encoding="UTF-8"?>
<testsuite xmlns:xsi="http://www.w3.org/2001/XMLSchema-instance" xsi:noNamespaceSchemaLocation="https://maven.apache.org/surefire/maven-surefire-plugin/xsd/surefire-test-report-3.0.xsd" version="3.0" name="TestSuite" time="6.487" tests="2" errors="0" skipped="0" failures="0">
  <properties>
[...]
</properties>
  <testcase name="testCreateBookingEndToEnd" classname="AirlineTests" time="5.429">
    <system-out><![CDATA[Executing test: End-to-end booking workflow...
Waiting for DB to be ready...
Initial available seats: 220
Booking created and seat count updated in DB.
Final available seats: 219
Test passed successfully!
Database state reverted for test independence.
]]></system-out>
    <system-err><![CDATA[SLF4J: Failed to load class "org.slf4j.impl.StaticLoggerBinder".
SLF4J: Defaulting to no-operation (NOP) logger implementation
SLF4J: See http://www.slf4j.org/codes.html#StaticLoggerBinder for further details.
]]></system-err>
  </testcase>
  <testcase name="testDatabaseConnectionAndInitialData" classname="AirlineTests" time="0.005">
    <system-out><![CDATA[Executing test: Verifying initial flight data...
Query result: [{arrival_datetime=2025-10-21T09:00, airline_code=AA, flight_number=AA101, aircraft_type=Boeing 777, base_price=650.00, destination_airport_code=LHR, flight_id=1, origin_airport_code=JFK, departure_datetime=2025-10-20T21:00, available_seats=180}]
Test passed successfully!
]]></system-out>
  </testcase>
</testsuite>